Initialize engine version: 2022.2.16f1 (d535843d11e1)
[Subsystems] Discovering subsystems at path C:/Games/Sons of the Forest/SonsOfTheForest_Data/UnitySubsystems
GfxDevice: creating device client; threaded=1; jobified=1
Direct3D:
    Version:  Direct3D 11.0 [level 11.1]
    Renderer: NVIDIA GeForce RTX 3060 (ID=0x2504)
    Vendor:   NVIDIA
    VRAM:     12115 MB
    Driver:   32.0.15.6094
Command line Args: 
	C:\Games\Sons of the Forest\SonsOfTheForest.exe
UnityEngine.Logger:Log(LogType, Object)
UnityEngine.Debug:Log(Object)
Sons.Utils.CommandLineArgs:ProcessArgs()

Processed options
UnityEngine.Logger:Log(LogType, Object)
UnityEngine.Debug:Log(Object)
Sons.Utils.CommandLineArgs:ProcessOptions(Options)
Sons.Utils.CommandLineArgs:ProcessArgs()

<RI> Initializing input.
New input system (experimental) initialized
Using Windows.Gaming.Input
<RI> Input initialized.
<RI> Initialized touch support.
Releases.Initialize
UnityEngine.Logger:Log(LogType, Object)
UnityEngine.Debug:Log(Object)
Sons.GameApplication.Releases:Initialize()

Releases : 02/23/2024 01:00:00
UnityEngine.Logger:Log(LogType, Object)
UnityEngine.Debug:Log(Object)

Version.Initialize
UnityEngine.Logger:Log(LogType, Object)
UnityEngine.Debug:Log(Object)
Sons.GameApplication.Version:Initialize()

Version : 48738
UnityEngine.Logger:Log(LogType, Object)
UnityEngine.Debug:Log(Object)

UnloadTime: 1.933200 ms
Missing GameSettingsManager Instance!
UnityEngine.Logger:Log(LogType, Object)
UnityEngine.Debug:LogError(Object)
Endnight.Types.SingletonBehaviour`1:TryGetInstanceLogError(T&)
Sons.Settings.GameSettingsManager:GetSetting(String, Single)
Sons.Settings.SettingCallbacks:RegisterSettingChangeCallbackAndRunAction(String, FloatAction, Single, Func`3)
Sons.Settings.GameSettingsManager:RegisterSettingChangeCallbackAndRun(String, FloatAction, Single)
Sons.FpsLimiter:OnEnable()

Fps Limiter set to 0
UnityEngine.Logger:Log(LogType, Object)
UnityEngine.Debug:Log(Object)
Sons.Settings.DisplaySettings:SetTargetFrameRate(Single)

FMOD Setting Voice Count 128
UnityEngine.Logger:Log(LogType, Object)
UnityEngine.Debug:Log(Object)
FMOD_StudioSystem:Init()
FMOD_StudioSystem:TryGetInstance(FMOD_StudioSystem&, Boolean)
FMOD.SonsStudioListener:Initialize()

FMOD Setting maxVorbisCodecs 118
UnityEngine.Logger:Log(LogType, Object)
UnityEngine.Debug:Log(Object)
FMOD_StudioSystem:Init()
FMOD_StudioSystem:TryGetInstance(FMOD_StudioSystem&, Boolean)
FMOD.SonsStudioListener:Initialize()

FMOD System output rate: 44100 speaker mode: STEREO
UnityEngine.Logger:Log(LogType, Object)
UnityEngine.Debug:Log(Object)
FMOD_StudioSystem:Init()
FMOD_StudioSystem:TryGetInstance(FMOD_StudioSystem&, Boolean)
FMOD.SonsStudioListener:Initialize()

Screen.brightness : 1
Screen.cutouts : 
Screen.dpi : 96
Screen.height : 1080
Screen.orientation : Portrait
Screen.resolutions : 
	h:480 w:640 rate:60
	h:480 w:640 rate:60
	h:480 w:640 rate:75
	h:480 w:640 rate:120
	h:480 w:720 rate:60
	h:480 w:720 rate:60
	h:576 w:720 rate:50
	h:600 w:800 rate:60
	h:600 w:800 rate:75
	h:600 w:800 rate:120
	h:768 w:1024 rate:60
	h:768 w:1024 rate:75
	h:768 w:1024 rate:120
	h:864 w:1152 rate:75
	h:664 w:1176 rate:60
	h:664 w:1176 rate:60
	h:720 w:1280 rate:60
	h:720 w:1280 rate:60
	h:768 w:1280 rate:75
	h:800 w:1280 rate:75
	h:960 w:1280 rate:75
	h:1024 w:1280 rate:75
	h:768 w:1360 rate:50
	h:768 w:1360 rate:60
	h:768 w:1360 rate:60
	h:768 w:1360 rate:100
	h:768 w:1360 rate:120
	h:768 w:1360 rate:120
	h:768 w:1360 rate:144
	h:768 w:1366 rate:50
	h:768 w:1366 rate:60
	h:768 w:1366 rate:60
	h:768 w:1366 rate:100
	h:768 w:1366 rate:120
	h:768 w:1366 rate:120
	h:768 w:1366 rate:144
	h:1080 w:1440 rate:50
	h:1080 w:1440 rate:60
	h:1080 w:1440 rate:60
	h:1080 w:1440 rate:100
	h:1080 w:1440 rate:120
	h:1080 w:1440 rate:120
	h:1080 w:1440 rate:144
	h:900 w:1600 rate:50
	h:900 w:1600 rate:60
	h:900 w:1600 rate:60
	h:900 w:1600 rate:100
	h:900 w:1600 rate:120
	h:900 w:1600 rate:120
	h:900 w:1600 rate:144
	h:1024 w:1600 rate:50
	h:1024 w:1600 rate:60
	h:1024 w:1600 rate:60
	h:1024 w:1600 rate:100
	h:1024 w:1600 rate:120
	h:1024 w:1600 rate:120
	h:1024 w:1600 rate:144
	h:1200 w:1600 rate:75
	h:1050 w:1680 rate:50
	h:1050 w:1680 rate:60
	h:1050 w:1680 rate:60
	h:1050 w:1680 rate:100
	h:1050 w:1680 rate:120
	h:1050 w:1680 rate:120
	h:1050 w:1680 rate:144
	h:1080 w:1920 rate:50
	h:1080 w:1920 rate:60
	h:1080 w:1920 rate:60
	h:1080 w:1920 rate:100
	h:1080 w:1920 rate:120
	h:1080 w:1920 rate:120
	h:1080 w:1920 rate:144
	h:1200 w:1920 rate:75
	h:1440 w:1920 rate:75
	h:1440 w:2560 rate:75
Screen.width : 1920
Screen.currentResolution : 
	h:1080 w:1920 rate:144
Screen.fullScreen : True
Screen.safeArea : 
	w:1920 h:1080 x:0 y:0
Screen.sleepTimeout : -1
Screen.autorotateToPortrait : False
Screen.fullScreenMode : FullScreenWindow
Screen.autorotateToLandscapeLeft : False
Screen.autorotateToLandscapeRight : False
Screen.autorotateToPortraitUpsideDown : False
UnityEngine.Logger:Log(LogType, Object)
UnityEngine.Debug:Log(Object)
Sons.GameApplication.ScreenResolutionManager:FixBadResolution()

--System--
DeviceModel : MS-7C56 (Micro-Star International Co., Ltd.)
DeviceName : HRJ
DeviceType : Desktop
OperatingSystem : Windows 11  (10.0.22631) 64bit
ProcessorCount : 16
ProcessorFrequency : 3800
ProcessorType : AMD Ryzen 7 5800X 8-Core Processor 
SystemMemorySize : 16310
SystemLanguage : English

--Graphics--
GraphicsDeviceID : 9476
GraphicsDeviceName : NVIDIA GeForce RTX 3060
GraphicsDeviceType : Direct3D11
GraphicsDeviceVendor : NVIDIA
GraphicsDeviceVendorID : 4318
GraphicsDeviceVersion : Direct3D 11.0 [level 11.1]
GraphicsMemorySize : 12115

--Graphics Capabilities--
NpotSupport : Full
MaxTextureSize : 16384
MaxCubemapSize : 16384
SupportsMipStreaming : True
Supports2DArrayTextures : True
SupportsCubemapArrayTextures : True
GraphicsMultiThreaded : False
GraphicsShaderLevel : 50
GraphicsUVStartsAtTop : True
Supports3DTextures : True
SupportsAccelerometer : False
SupportsComputeShaders : True
SupportsRenderTargetArrayIndexFromVertexShader : True
SupportsInstancing : True
SupportsShadows : True
SupportsSparseTextures : True
SupportedRenderTargetCount : 8
SupportedRandomWriteTargetCount : 8
HdrDisplaySupportFlags : Supported, RuntimeSwitchable, AutomaticTonemapping

UnityEngine.Logger:Log(LogType, Object)
UnityEngine.Debug:Log(Object)
Sons.GameApplication.DebugSystemManager:LogSystemInfo()

[EnvironmentArgs] ...
{}
UnityEngine.Logger:Log(LogType, Object)
Endnight.Utilities.Logging.DsDebug:Log(Object)
Endnight.Utilities.CommandLine.EnvironmentArgs:get_Instance()
Sons.Utilities.SonsPaths:InitializeUserDataPath()
System.Lazy`1:ViaFactory(LazyThreadSafetyMode)
System.Lazy`1:ExecutionAndPublication(LazyHelper, Boolean)
System.Lazy`1:CreateValue()
Sons.Multiplayer.SteamDSConfig_DEPRECATED:.cctor()
Sons.Multiplayer.SteamManager:Awake()

User data path: C:/Users/hrith/AppData/LocalLow/Endnight/SonsOfTheForest
UnityEngine.Logger:Log(LogType, Object)
Endnight.Utilities.Logging.DsDebug:Log(Object)
Sons.Utilities.SonsPaths:InitializeUserDataPath()
System.Lazy`1:ViaFactory(LazyThreadSafetyMode)
System.Lazy`1:ExecutionAndPublication(LazyHelper, Boolean)
System.Lazy`1:CreateValue()
Sons.Multiplayer.SteamDSConfig_DEPRECATED:.cctor()
Sons.Multiplayer.SteamManager:Awake()

