Initialize engine version: 2022.2.16f1 (d535843d11e1)
[Subsystems] Discovering subsystems at path C:/Games/Sons of the Forest/SonsOfTheForest_Data/UnitySubsystems
GfxDevice: creating device client; threaded=1; jobified=1
Direct3D:
    Version:  Direct3D 11.0 [level 11.1]
    Renderer: NVIDIA GeForce RTX 3060 (ID=0x2504)
    Vendor:   NVIDIA
    VRAM:     12115 MB
    Driver:   32.0.15.6094
Command line Args: 
	C:\Games\Sons of the Forest\SonsOfTheForest.exe
UnityEngine.Logger:Log(LogType, Object)
UnityEngine.Debug:Log(Object)
Sons.Utils.CommandLineArgs:ProcessArgs()

Processed options
UnityEngine.Logger:Log(LogType, Object)
UnityEngine.Debug:Log(Object)
Sons.Utils.CommandLineArgs:ProcessOptions(Options)
Sons.Utils.CommandLineArgs:ProcessArgs()

<RI> Initializing input.
New input system (experimental) initialized
Using Windows.Gaming.Input
<RI> Input initialized.
<RI> Initialized touch support.
Releases.Initialize
UnityEngine.Logger:Log(LogType, Object)
UnityEngine.Debug:Log(Object)
Sons.GameApplication.Releases:Initialize()

Releases : 02/23/2024 01:00:00
UnityEngine.Logger:Log(LogType, Object)
UnityEngine.Debug:Log(Object)

Version.Initialize
UnityEngine.Logger:Log(LogType, Object)
UnityEngine.Debug:Log(Object)
Sons.GameApplication.Version:Initialize()

Version : 48738
UnityEngine.Logger:Log(LogType, Object)
UnityEngine.Debug:Log(Object)

UnloadTime: 0.544900 ms
Missing GameSettingsManager Instance!
UnityEngine.Logger:Log(LogType, Object)
UnityEngine.Debug:LogError(Object)
Endnight.Types.SingletonBehaviour`1:TryGetInstanceLogError(T&)
Sons.Settings.GameSettingsManager:GetSetting(String, Single)
Sons.Settings.SettingCallbacks:RegisterSettingChangeCallbackAndRunAction(String, FloatAction, Single, Func`3)
Sons.Settings.GameSettingsManager:RegisterSettingChangeCallbackAndRun(String, FloatAction, Single)
Sons.FpsLimiter:OnEnable()

Fps Limiter set to 0
UnityEngine.Logger:Log(LogType, Object)
UnityEngine.Debug:Log(Object)
Sons.Settings.DisplaySettings:SetTargetFrameRate(Single)

FMOD Setting Voice Count 128
UnityEngine.Logger:Log(LogType, Object)
UnityEngine.Debug:Log(Object)
FMOD_StudioSystem:Init()
FMOD_StudioSystem:TryGetInstance(FMOD_StudioSystem&, Boolean)
FMOD.SonsStudioListener:Initialize()

FMOD Setting maxVorbisCodecs 118
UnityEngine.Logger:Log(LogType, Object)
UnityEngine.Debug:Log(Object)
FMOD_StudioSystem:Init()
FMOD_StudioSystem:TryGetInstance(FMOD_StudioSystem&, Boolean)
FMOD.SonsStudioListener:Initialize()

FMOD System output rate: 44100 speaker mode: STEREO
UnityEngine.Logger:Log(LogType, Object)
UnityEngine.Debug:Log(Object)
FMOD_StudioSystem:Init()
FMOD_StudioSystem:TryGetInstance(FMOD_StudioSystem&, Boolean)
FMOD.SonsStudioListener:Initialize()

Screen.brightness : 1
Screen.cutouts : 
Screen.dpi : 96
Screen.height : 1080
Screen.orientation : Portrait
Screen.resolutions : 
	h:480 w:640 rate:60
	h:480 w:640 rate:60
	h:480 w:640 rate:75
	h:480 w:640 rate:120
	h:480 w:720 rate:60
	h:480 w:720 rate:60
	h:576 w:720 rate:50
	h:600 w:800 rate:60
	h:600 w:800 rate:75
	h:600 w:800 rate:120
	h:768 w:1024 rate:60
	h:768 w:1024 rate:75
	h:768 w:1024 rate:120
	h:864 w:1152 rate:75
	h:664 w:1176 rate:60
	h:664 w:1176 rate:60
	h:720 w:1280 rate:60
	h:720 w:1280 rate:60
	h:768 w:1280 rate:75
	h:800 w:1280 rate:75
	h:960 w:1280 rate:75
	h:1024 w:1280 rate:75
	h:768 w:1360 rate:50
	h:768 w:1360 rate:60
	h:768 w:1360 rate:60
	h:768 w:1360 rate:100
	h:768 w:1360 rate:120
	h:768 w:1360 rate:120
	h:768 w:1360 rate:144
	h:768 w:1366 rate:50
	h:768 w:1366 rate:60
	h:768 w:1366 rate:60
	h:768 w:1366 rate:100
	h:768 w:1366 rate:120
	h:768 w:1366 rate:120
	h:768 w:1366 rate:144
	h:1080 w:1440 rate:50
	h:1080 w:1440 rate:60
	h:1080 w:1440 rate:60
	h:1080 w:1440 rate:100
	h:1080 w:1440 rate:120
	h:1080 w:1440 rate:120
	h:1080 w:1440 rate:144
	h:900 w:1600 rate:50
	h:900 w:1600 rate:60
	h:900 w:1600 rate:60
	h:900 w:1600 rate:100
	h:900 w:1600 rate:120
	h:900 w:1600 rate:120
	h:900 w:1600 rate:144
	h:1024 w:1600 rate:50
	h:1024 w:1600 rate:60
	h:1024 w:1600 rate:60
	h:1024 w:1600 rate:100
	h:1024 w:1600 rate:120
	h:1024 w:1600 rate:120
	h:1024 w:1600 rate:144
	h:1200 w:1600 rate:75
	h:1050 w:1680 rate:50
	h:1050 w:1680 rate:60
	h:1050 w:1680 rate:60
	h:1050 w:1680 rate:100
	h:1050 w:1680 rate:120
	h:1050 w:1680 rate:120
	h:1050 w:1680 rate:144
	h:1080 w:1920 rate:50
	h:1080 w:1920 rate:60
	h:1080 w:1920 rate:60
	h:1080 w:1920 rate:100
	h:1080 w:1920 rate:120
	h:1080 w:1920 rate:120
	h:1080 w:1920 rate:144
	h:1200 w:1920 rate:75
	h:1440 w:1920 rate:75
	h:1440 w:2560 rate:75
Screen.width : 1920
Screen.currentResolution : 
	h:1080 w:1920 rate:144
Screen.fullScreen : True
Screen.safeArea : 
	w:1920 h:1080 x:0 y:0
Screen.sleepTimeout : -1
Screen.autorotateToPortrait : False
Screen.fullScreenMode : FullScreenWindow
Screen.autorotateToLandscapeLeft : False
Screen.autorotateToLandscapeRight : False
Screen.autorotateToPortraitUpsideDown : False
UnityEngine.Logger:Log(LogType, Object)
UnityEngine.Debug:Log(Object)
Sons.GameApplication.ScreenResolutionManager:FixBadResolution()

--System--
DeviceModel : MS-7C56 (Micro-Star International Co., Ltd.)
DeviceName : HRJ
DeviceType : Desktop
OperatingSystem : Windows 11  (10.0.22631) 64bit
ProcessorCount : 16
ProcessorFrequency : 3800
ProcessorType : AMD Ryzen 7 5800X 8-Core Processor 
SystemMemorySize : 16310
SystemLanguage : English

--Graphics--
GraphicsDeviceID : 9476
GraphicsDeviceName : NVIDIA GeForce RTX 3060
GraphicsDeviceType : Direct3D11
GraphicsDeviceVendor : NVIDIA
GraphicsDeviceVendorID : 4318
GraphicsDeviceVersion : Direct3D 11.0 [level 11.1]
GraphicsMemorySize : 12115

--Graphics Capabilities--
NpotSupport : Full
MaxTextureSize : 16384
MaxCubemapSize : 16384
SupportsMipStreaming : True
Supports2DArrayTextures : True
SupportsCubemapArrayTextures : True
GraphicsMultiThreaded : False
GraphicsShaderLevel : 50
GraphicsUVStartsAtTop : True
Supports3DTextures : True
SupportsAccelerometer : False
SupportsComputeShaders : True
SupportsRenderTargetArrayIndexFromVertexShader : True
SupportsInstancing : True
SupportsShadows : True
SupportsSparseTextures : True
SupportedRenderTargetCount : 8
SupportedRandomWriteTargetCount : 8
HdrDisplaySupportFlags : Supported, RuntimeSwitchable, AutomaticTonemapping

UnityEngine.Logger:Log(LogType, Object)
UnityEngine.Debug:Log(Object)
Sons.GameApplication.DebugSystemManager:LogSystemInfo()

[EnvironmentArgs] ...
{}
UnityEngine.Logger:Log(LogType, Object)
Endnight.Utilities.Logging.DsDebug:Log(Object)
Endnight.Utilities.CommandLine.EnvironmentArgs:get_Instance()
Sons.Utilities.SonsPaths:InitializeUserDataPath()
System.Lazy`1:ViaFactory(LazyThreadSafetyMode)
System.Lazy`1:ExecutionAndPublication(LazyHelper, Boolean)
System.Lazy`1:CreateValue()
Sons.Multiplayer.SteamDSConfig_DEPRECATED:.cctor()
Sons.Multiplayer.SteamManager:Awake()

User data path: C:/Users/hrith/AppData/LocalLow/Endnight/SonsOfTheForest
UnityEngine.Logger:Log(LogType, Object)
Endnight.Utilities.Logging.DsDebug:Log(Object)
Sons.Utilities.SonsPaths:InitializeUserDataPath()
System.Lazy`1:ViaFactory(LazyThreadSafetyMode)
System.Lazy`1:ExecutionAndPublication(LazyHelper, Boolean)
System.Lazy`1:CreateValue()
Sons.Multiplayer.SteamDSConfig_DEPRECATED:.cctor()
Sons.Multiplayer.SteamManager:Awake()

Steam Started
UnityEngine.Logger:Log(LogType, Object)
UnityEngine.Debug:Log(Object)
Sons.Multiplayer.SteamManager:Awake()

CoopSteamManager Initialize
UnityEngine.Logger:Log(LogType, Object)
UnityEngine.Debug:Log(Object)
Sons.Multiplayer.CoopSteamManager:Initialize()
Sons.Multiplayer.SteamManager:Awake()

Initializing Steam Stats and Achievements.
UnityEngine.Logger:Log(LogType, Object)
UnityEngine.Debug:Log(Object)
Sons.Gameplay.Achievements.AchievementManager:Initialize()
UnityEngine.Events.UnityEvent:Invoke()
Sons.Multiplayer.SteamManager:Awake()

Missing GameSettingsManager Instance!
UnityEngine.Logger:Log(LogType, Object)
UnityEngine.Debug:LogError(Object)
Endnight.Types.SingletonBehaviour`1:TryGetInstanceLogError(T&)
Sons.Settings.GameSettingsManager:GetSetting(String, Single)
Sons.FpsLimiter:OnSceneLoaded(Scene, LoadSceneMode)
UnityEngine.SceneManagement.SceneManager:Internal_SceneLoaded(Scene, LoadSceneMode)

Fps Limiter set to 30
UnityEngine.Logger:Log(LogType, Object)
UnityEngine.Debug:Log(Object)
Sons.Settings.DisplaySettings:SetTargetFrameRate(Single)

Missing GameSettingsManager Instance!
UnityEngine.Logger:Log(LogType, Object)
UnityEngine.Debug:LogError(Object)
Endnight.Types.SingletonBehaviour`1:TryGetInstanceLogError(T&)
Sons.Settings.GameSettingsManager:GetSetting(String, String)
Sons.Loading.LoadScene:Initialize()
Sons.Loading.LoadScene:Update()

Missing GameSettingsManager Instance!
UnityEngine.Logger:Log(LogType, Object)
UnityEngine.Debug:LogError(Object)
Endnight.Types.SingletonBehaviour`1:TryGetInstanceLogError(T&)
Sons.Settings.GameSettingsManager:GetSetting(String, String)
Sons.Loading.LoadScene:GetScenesToRemove()
Sons.Loading.LoadScene:Initialize()
Sons.Loading.LoadScene:Update()

[MainThreadRunner] Creating new instance
UnityEngine.Logger:Log(LogType, Object)
UnityEngine.Debug:Log(Object)
Endnight.Utilities.MainThreadRunner:GetInstance()
Endnight.Utilities.MainThreadRunner:AddToUpdate(Component, Action, String, Int32&)
SonsFMODEventEmitter:OnEnable()

Unloading 6 Unused Serialized files (Serialized files now loaded: 0)
UnloadTime: 1.228000 ms
Couldn't find Volume Profile
UnityEngine.Logger:Log(LogType, Object)
UnityEngine.Debug:Log(Object)
Sons.Quality.QualitySettings.PostProcessingQualitySetting`1:Apply()
Sons.Quality.QualityProfile:Apply()
Sons.Quality.QualityManager:Apply(QualityProfile)
Sons.Quality.QualityManager:OnEnable()

Couldn't find Volume Profile
UnityEngine.Logger:Log(LogType, Object)
UnityEngine.Debug:Log(Object)
Sons.Quality.QualitySettings.PostProcessingQualitySetting`1:Apply()
Sons.Quality.QualityProfile:Apply()
Sons.Quality.QualityManager:Apply(QualityProfile)
Sons.Quality.QualityManager:OnEnable()

SaveGameManager Registered Persistent Serializer: GameSetup.
UnityEngine.Logger:Log(LogType, Object)
UnityEngine.Debug:Log(Object)
Sons.Save.SaveGameManager:RegisterSerializerInternal(ISaveGameSerializer`1, RegisteredSerializer`1, Boolean)
Sons.Save.SaveGameManager:RegisterSerializer(ISaveGameSerializer`1, Boolean)
Sons.Gameplay.GameSetup.GameSetupManager:OnEnable()

GameSetup mode = Normal
UnityEngine.Logger:Log(LogType, Object)
UnityEngine.Debug:Log(Object)
Sons.Gameplay.GameSetup.GameSetupManager:SetModeInternal(Mode, Boolean)
Sons.Gameplay.GameSetup.GameSetupManager:SetMode(Mode)
Sons.Gameplay.GameSetup.GameSetupManager:Initialize()

Duplicate FpsLimiter "FpsLimiter", removing latest. SonsTitleScene/FpsLimiter<Sons.FpsLimiter>:766174
UnityEngine.Logger:Log(LogType, Object)
UnityEngine.Debug:LogWarning(Object)
Endnight.Types.SingletonBehaviour`1:Awake()

SaveGameManager Registered Persistent Serializer: GameState.
UnityEngine.Logger:Log(LogType, Object)
UnityEngine.Debug:Log(Object)
Sons.Save.SaveGameManager:RegisterSerializerInternal(ISaveGameSerializer`1, RegisteredSerializer`1, Boolean)
Sons.Save.SaveGameManager:RegisterSerializer(ISaveGameSerializer`1, Boolean)

New resolution is 1920 x 1080 (16:9)
UnityEngine.Logger:Log(LogType, Object)
UnityEngine.Debug:Log(Object)
Sons.Settings.DisplaySettings:Awake()

No backtrace command arg found, Backtrace disabled
UnityEngine.Logger:Log(LogType, Object)
UnityEngine.Debug:Log(Object)

Already set to the same number of voices 128
UnityEngine.Logger:Log(LogType, Object)
UnityEngine.Debug:LogWarning(Object)
Sons.Settings.AudioSettings:VoiceCountChanged(String)
Sons.Settings.SettingCallbacks:RegisterSettingChangeCallbackAndRunAction(String, StringAction, String, Func`3)
Sons.Settings.SettingCallbacks:SetupCallbackAndRunAction(String, StringAction, String, List`1, Func`3)
Sons.Settings.GameSettingsManager:SetupCallbackAndRun(String, StringAction, String, List`1)
Sons.Settings.AudioSettings:OnEnable()

Couldn't find Volume Profile
UnityEngine.Logger:Log(LogType, Object)
UnityEngine.Debug:Log(Object)
Sons.Quality.QualitySettings.PostProcessingQualitySetting`1:Apply()
Sons.Quality.QualityProfile:Apply()
Sons.Quality.QualityManager:Apply(QualityProfile)
Sons.Quality.QualityManager:ApplyCustom(String)
Sons.Settings.SettingCallbacks:RegisterSettingChangeCallbackAndRunAction(String, StringAction, String, Func`3)
Sons.Settings.SettingCallbacks:SetupCallbackAndRunAction(String, StringAction, String, List`1, Func`3)
Sons.Settings.GameSettingsManager:SetupCallbackAndRun(String, StringAction, String, List`1)
Sons.Settings.GraphicsSettings:OnEnable()

Couldn't find Volume Profile
UnityEngine.Logger:Log(LogType, Object)
UnityEngine.Debug:Log(Object)
Sons.Quality.QualitySettings.PostProcessingQualitySetting`1:Apply()
Sons.Quality.QualityProfile:Apply()
Sons.Quality.QualityManager:Apply(QualityProfile)
Sons.Quality.QualityManager:ApplyCustom(String)
Sons.Settings.SettingCallbacks:RegisterSettingChangeCallbackAndRunAction(String, StringAction, String, Func`3)
Sons.Settings.SettingCallbacks:SetupCallbackAndRunAction(String, StringAction, String, List`1, Func`3)
Sons.Settings.GameSettingsManager:SetupCallbackAndRun(String, StringAction, String, List`1)
Sons.Settings.GraphicsSettings:OnEnable()

Applying grass setting HIGH
UnityEngine.Logger:Log(LogType, Object)
UnityEngine.Debug:Log(Object)
Sons.Settings.GraphicsSettings:GrassQualitySettingChanged(String)
Sons.Settings.SettingCallbacks:RegisterSettingChangeCallbackAndRunAction(String, StringAction, String, Func`3)
Sons.Settings.SettingCallbacks:SetupCallbackAndRunAction(String, StringAction, String, List`1, Func`3)
Sons.Settings.GameSettingsManager:SetupCallbackAndRun(String, StringAction, String, List`1)
Sons.Settings.GraphicsSettings:OnEnable()

Applying Terrain Parallax setting MEDIUM
UnityEngine.Logger:Log(LogType, Object)
UnityEngine.Debug:Log(Object)
Sons.Settings.GraphicsSettings:TerrainParallaxDistanceSettingChanged(String)
Sons.Settings.SettingCallbacks:RegisterSettingChangeCallbackAndRunAction(String, StringAction, String, Func`3)
Sons.Settings.SettingCallbacks:SetupCallbackAndRunAction(String, StringAction, String, List`1, Func`3)
Sons.Settings.GameSettingsManager:SetupCallbackAndRun(String, StringAction, String, List`1)
Sons.Settings.GraphicsSettings:OnEnable()

Applying Terrain Aniso setting HIGH
UnityEngine.Logger:Log(LogType, Object)
UnityEngine.Debug:Log(Object)
Sons.Settings.GraphicsSettings:TerrainAnisoLevelSettingChanged(String)
Sons.Settings.SettingCallbacks:RegisterSettingChangeCallbackAndRunAction(String, StringAction, String, Func`3)
Sons.Settings.SettingCallbacks:SetupCallbackAndRunAction(String, StringAction, String, List`1, Func`3)
Sons.Settings.GameSettingsManager:SetupCallbackAndRun(String, StringAction, String, List`1)
Sons.Settings.GraphicsSettings:OnEnable()

Applying Billboard setting MEDIUM
UnityEngine.Logger:Log(LogType, Object)
UnityEngine.Debug:Log(Object)
Sons.Settings.GraphicsSettings:BillboardQualitySettingChanged(String)
Sons.Settings.SettingCallbacks:RegisterSettingChangeCallbackAndRunAction(String, StringAction, String, Func`3)
Sons.Settings.SettingCallbacks:SetupCallbackAndRunAction(String, StringAction, String, List`1, Func`3)
Sons.Settings.GameSettingsManager:SetupCallbackAndRun(String, StringAction, String, List`1)
Sons.Settings.GraphicsSettings:OnEnable()

DynamicResolutionScaler is inactive
UnityEngine.Logger:Log(LogType, Object)
UnityEngine.Debug:Log(Object)
Sons.Settings.GraphicsSettings:DynamicResolutionSettingChanged(String)
Sons.Settings.SettingCallbacks:RegisterSettingChangeCallbackAndRunAction(String, StringAction, String, Func`3)
Sons.Settings.SettingCallbacks:SetupCallbackAndRunAction(String, StringAction, String, List`1, Func`3)
Sons.Settings.GameSettingsManager:SetupCallbackAndRun(String, StringAction, String, List`1)
Sons.Settings.GraphicsSettings:OnEnable()

Unloading 10 unused Assets to reduce memory usage. Loaded Objects now: 22265.
Total: 7.552400 ms (FindLiveObjects: 1.284500 ms CreateObjectMapping: 0.912800 ms MarkObjects: 5.312500 ms  DeleteObjects: 0.042200 ms)

Couldn't find Volume Profile
UnityEngine.Logger:Log(LogType, Object)
UnityEngine.Debug:Log(Object)
Sons.Quality.QualitySettings.PostProcessingQualitySetting`1:Apply()
Sons.Quality.QualityProfile:OnSceneLoaded(Scene, LoadSceneMode)
UnityEngine.SceneManagement.SceneManager:Internal_SceneLoaded(Scene, LoadSceneMode)

Couldn't find Volume Profile
UnityEngine.Logger:Log(LogType, Object)
UnityEngine.Debug:Log(Object)
Sons.Quality.QualitySettings.PostProcessingQualitySetting`1:Apply()
Sons.Quality.QualityProfile:OnSceneLoaded(Scene, LoadSceneMode)
UnityEngine.SceneManagement.SceneManager:Internal_SceneLoaded(Scene, LoadSceneMode)

SaveGameManager Started. (2 queued serializers)
UnityEngine.Logger:Log(LogType, Object)
UnityEngine.Debug:Log(Object)
Sons.Save.SaveGameManager:Start()

Fps Limiter set to 60
UnityEngine.Logger:Log(LogType, Object)
UnityEngine.Debug:Log(Object)
Sons.Settings.DisplaySettings:SetTargetFrameRate(Single)

Setting resolution to 1920 x 1080 (FullScreenWindow)
UnityEngine.Logger:Log(LogType, Object)
UnityEngine.Debug:Log(Object)
Sons.Settings.DisplaySettings:SetScreenResolution(Int32, Int32)
Sons.Settings.DisplaySettings:ResolutionChanged(String)
Sons.Settings.SettingCallbacks:RegisterSettingChangeCallbackAndRunAction(String, StringAction, String, Func`3)
Sons.Settings.SettingCallbacks:SetupCallbackAndRunAction(String, StringAction, String, List`1, Func`3)
Sons.Settings.GameSettingsManager:SetupCallbackAndRun(String, StringAction, String, List`1)
Sons.Settings.DisplaySettings:SetupCallbacks()
Sons.Settings.<DelaySetup>d__33:MoveNext()
UnityEngine.SetupCoroutine:InvokeMoveNext(IEnumerator, IntPtr)

Current RT Reference Size: 1920 x 1080
UnityEngine.Logger:Log(LogType, Object)
UnityEngine.Debug:Log(Object)
Sons.Settings.DisplaySettings:SetScreenResolution(Int32, Int32)
Sons.Settings.DisplaySettings:ResolutionChanged(String)
Sons.Settings.SettingCallbacks:RegisterSettingChangeCallbackAndRunAction(String, StringAction, String, Func`3)
Sons.Settings.SettingCallbacks:SetupCallbackAndRunAction(String, StringAction, String, List`1, Func`3)
Sons.Settings.GameSettingsManager:SetupCallbackAndRun(String, StringAction, String, List`1)
Sons.Settings.DisplaySettings:SetupCallbacks()
Sons.Settings.<DelaySetup>d__33:MoveNext()
UnityEngine.SetupCoroutine:InvokeMoveNext(IEnumerator, IntPtr)

New resolution is 1920 x 1080 (16:9)
UnityEngine.Logger:Log(LogType, Object)
UnityEngine.Debug:Log(Object)
Sons.Settings.DisplaySettings:ResolutionChanged(String)
Sons.Settings.SettingCallbacks:RegisterSettingChangeCallbackAndRunAction(String, StringAction, String, Func`3)
Sons.Settings.SettingCallbacks:SetupCallbackAndRunAction(String, StringAction, String, List`1, Func`3)
Sons.Settings.GameSettingsManager:SetupCallbackAndRun(String, StringAction, String, List`1)
Sons.Settings.DisplaySettings:SetupCallbacks()
Sons.Settings.<DelaySetup>d__33:MoveNext()
UnityEngine.SetupCoroutine:InvokeMoveNext(IEnumerator, IntPtr)

Fps Limiter set to -1
UnityEngine.Logger:Log(LogType, Object)
UnityEngine.Debug:Log(Object)
Sons.Settings.DisplaySettings:SetTargetFrameRate(Single)
Sons.Settings.SettingCallbacks:RegisterSettingChangeCallbackAndRunAction(String, FloatAction, Single, Func`3)
Sons.Settings.SettingCallbacks:SetupCallbackAndRunAction(String, FloatAction, Single, List`1, Func`3)
Sons.Settings.GameSettingsManager:SetupCallbackAndRun(String, FloatAction, Single, List`1)
Sons.Settings.DisplaySettings:SetupCallbacks()
Sons.Settings.<DelaySetup>d__33:MoveNext()
UnityEngine.SetupCoroutine:InvokeMoveNext(IEnumerator, IntPtr)

Fps Limiter set to 60
UnityEngine.Logger:Log(LogType, Object)
UnityEngine.Debug:Log(Object)
Sons.Settings.DisplaySettings:SetTargetFrameRate(Single)

SetSaveGameType Multiplayer
UnityEngine.Logger:Log(LogType, Object)
UnityEngine.Debug:Log(Object)
Sons.Gameplay.GameSetup.GameSetupManager:SetSaveGameType(SaveGameType)
Sons.Gui.SaveGameTypeSetter:Apply()
UnityEngine.Events.UnityEvent:Invoke()
UnityEngine.EventSystems.ExecuteEvents:Execute(GameObject, BaseEventData, EventFunction`1)
UnityEngine.InputSystem.UI.InputSystemUIInputModule:ProcessPointerButton(ButtonState&, PointerEventData)
UnityEngine.InputSystem.UI.InputSystemUIInputModule:ProcessPointer(PointerModel&)
UnityEngine.InputSystem.UI.InputSystemUIInputModule:Process()
UnityEngine.EventSystems.EventSystem:Update()

SetSaveGameType Multiplayer
UnityEngine.Logger:Log(LogType, Object)
UnityEngine.Debug:Log(Object)
Sons.Gameplay.GameSetup.GameSetupManager:SetSaveGameType(SaveGameType)
Sons.Gui.SaveGameTypeSetter:Apply()
UnityEngine.Events.UnityEvent:Invoke()
UnityEngine.EventSystems.ExecuteEvents:Execute(GameObject, BaseEventData, EventFunction`1)
UnityEngine.InputSystem.UI.InputSystemUIInputModule:ProcessPointerButton(ButtonState&, PointerEventData)
UnityEngine.InputSystem.UI.InputSystemUIInputModule:ProcessPointer(PointerModel&)
UnityEngine.InputSystem.UI.InputSystemUIInputModule:Process()
UnityEngine.EventSystems.EventSystem:Update()

[SaveGameManager] No save folder found C:/Users/hrith/AppData/LocalLow/Endnight/SonsOfTheForest/Saves/76561199494225753//Multiplayer
UnityEngine.Logger:Log(LogType, Object)
UnityEngine.Debug:Log(Object)
Sons.Save.SaveGameManager:TryGetSaveGameIds(SaveGameType, List`1&)
Sons.Gui.LoadMenu:SetupSlots()
Sons.Gui.SaveLoadMenuBase:OnEnable()
UnityEngine.Events.CachedInvokableCall`1:Invoke(Object[])
UnityEngine.Events.UnityEvent:Invoke()
UnityEngine.EventSystems.ExecuteEvents:Execute(GameObject, BaseEventData, EventFunction`1)
UnityEngine.InputSystem.UI.InputSystemUIInputModule:ProcessPointerButton(ButtonState&, PointerEventData)
UnityEngine.InputSystem.UI.InputSystemUIInputModule:ProcessPointer(PointerModel&)
UnityEngine.InputSystem.UI.InputSystemUIInputModule:Process()
UnityEngine.EventSystems.EventSystem:Update()

[SaveRecovery] Validated saves in 0 ms, for 0 files.
UnityEngine.Logger:Log(LogType, Object)
UnityEngine.Debug:Log(Object)
Sons.Gui.LoadMenu:SetupSlots()
Sons.Gui.SaveLoadMenuBase:OnEnable()
UnityEngine.Events.CachedInvokableCall`1:Invoke(Object[])
UnityEngine.Events.UnityEvent:Invoke()
UnityEngine.EventSystems.ExecuteEvents:Execute(GameObject, BaseEventData, EventFunction`1)
UnityEngine.InputSystem.UI.InputSystemUIInputModule:ProcessPointerButton(ButtonState&, PointerEventData)
UnityEngine.InputSystem.UI.InputSystemUIInputModule:ProcessPointer(PointerModel&)
UnityEngine.InputSystem.UI.InputSystemUIInputModule:Process()
UnityEngine.EventSystems.EventSystem:Update()

GameSetup mode = Normal
UnityEngine.Logger:Log(LogType, Object)
UnityEngine.Debug:Log(Object)
Sons.Gameplay.GameSetup.GameSetupManager:SetModeInternal(Mode, Boolean)
Sons.Gameplay.GameSetup.GameSetupManager:SetMode(Mode)
UnityEngine.Events.CachedInvokableCall`1:Invoke(Object[])
UnityEngine.Events.UnityEvent:Invoke()
UnityEngine.EventSystems.ExecuteEvents:Execute(GameObject, BaseEventData, EventFunction`1)
UnityEngine.InputSystem.UI.InputSystemUIInputModule:ProcessPointerButton(ButtonState&, PointerEventData)
UnityEngine.InputSystem.UI.InputSystemUIInputModule:ProcessPointer(PointerModel&)
UnityEngine.InputSystem.UI.InputSystemUIInputModule:Process()
UnityEngine.EventSystems.EventSystem:Update()

Unloading 7 Unused Serialized files (Serialized files now loaded: 3)
UnloadTime: 11.349000 ms
Duplicate GameSettingsManager "SonsGameSettingsManager", removing latest. MultiplayerHostMenu/SonsGameSettingsManager<Sons.Settings.GameSettingsManager>:773936
UnityEngine.Logger:Log(LogType, Object)
UnityEngine.Debug:LogWarning(Object)
Endnight.Types.SingletonBehaviour`1:Awake()

Duplicate SaveGameManager "_SonsSaveGameManager_", removing latest. MultiplayerHostMenu/_SonsSaveGameManager_<Sons.Save.SaveGameManager>:773938
UnityEngine.Logger:Log(LogType, Object)
UnityEngine.Debug:LogWarning(Object)
Endnight.Types.SingletonBehaviour`1:Awake()

Duplicate GameSetupManager "_GameSetup_", removing latest. MultiplayerHostMenu/_GameSetup_<Sons.Gameplay.GameSetup.GameSetupManager>:773940
UnityEngine.Logger:Log(LogType, Object)
UnityEngine.Debug:LogWarning(Object)
Endnight.Types.SingletonBehaviour`1:Awake()

Duplicate InputManager "InputManager", removing latest. MultiplayerHostMenu/InputManager<Sons.Input.InputManager>:773944
UnityEngine.Logger:Log(LogType, Object)
UnityEngine.Debug:LogWarning(Object)
Endnight.Types.SingletonBehaviour`1:Awake()

Duplicate InputEventsManager "InputManager", removing latest. MultiplayerHostMenu/InputManager<Sons.Input.InputEventsManager>:773946
UnityEngine.Logger:Log(LogType, Object)
UnityEngine.Debug:LogWarning(Object)
Endnight.Types.SingletonBehaviour`1:Awake()

Duplicate ProfanityFilteringManager "ProfanityFiltering", removing latest. MultiplayerHostMenu/SteamManager/ProfanityFiltering<Sons.Multiplayer.ProfanityFilteringManager>:773950
UnityEngine.Logger:Log(LogType, Object)
UnityEngine.Debug:LogWarning(Object)
Endnight.Types.SingletonBehaviour`1:Awake()

ACKED value set: from False to False
UnityEngine.Logger:Log(LogType, Object)
UnityEngine.Debug:Log(Object)
CoopAckChecker:Awake()

Setting resolution to 1920 x 1080 (FullScreenWindow)
UnityEngine.Logger:Log(LogType, Object)
UnityEngine.Debug:Log(Object)
Sons.Settings.DisplaySettings:SetScreenResolution(Int32, Int32)
Sons.Settings.DisplaySettings:Awake()

Current RT Reference Size: 1920 x 1080
UnityEngine.Logger:Log(LogType, Object)
UnityEngine.Debug:Log(Object)
Sons.Settings.DisplaySettings:SetScreenResolution(Int32, Int32)
Sons.Settings.DisplaySettings:Awake()

New resolution is 1920 x 1080 (16:9)
UnityEngine.Logger:Log(LogType, Object)
UnityEngine.Debug:Log(Object)
Sons.Settings.DisplaySettings:Awake()

SetSaveGameType Multiplayer
UnityEngine.Logger:Log(LogType, Object)
UnityEngine.Debug:Log(Object)
Sons.Gameplay.GameSetup.GameSetupManager:SetSaveGameType(SaveGameType)
Sons.Gui.SaveGameTypeSetter:OnEnable()

Couldn't find Volume Profile
UnityEngine.Logger:Log(LogType, Object)
UnityEngine.Debug:Log(Object)
Sons.Quality.QualitySettings.PostProcessingQualitySetting`1:Apply()
Sons.Quality.QualityProfile:OnSceneLoaded(Scene, LoadSceneMode)
UnityEngine.SceneManagement.SceneManager:Internal_SceneLoaded(Scene, LoadSceneMode)

Couldn't find Volume Profile
UnityEngine.Logger:Log(LogType, Object)
UnityEngine.Debug:Log(Object)
Sons.Quality.QualitySettings.PostProcessingQualitySetting`1:Apply()
Sons.Quality.QualityProfile:OnSceneLoaded(Scene, LoadSceneMode)
UnityEngine.SceneManagement.SceneManager:Internal_SceneLoaded(Scene, LoadSceneMode)

Unloading 137 unused Assets to reduce memory usage. Loaded Objects now: 13117.
Total: 6.953200 ms (FindLiveObjects: 0.558100 ms CreateObjectMapping: 0.292400 ms MarkObjects: 4.498300 ms  DeleteObjects: 1.604100 ms)

[Voice] Creating DSP chain 'Voice Air'
UnityEngine.Logger:Log(LogType, Object)
UnityEngine.Debug:Log(Object)
DspChain:Create()
CoopSteamVoicePlayer:Start()

[Voice] Creating DSP chain 'Voice Listener Underwater'
UnityEngine.Logger:Log(LogType, Object)
UnityEngine.Debug:Log(Object)
DspChain:Create()
CoopSteamVoicePlayer:Start()

[Voice] Creating DSP chain 'Voice Source Underwater'
UnityEngine.Logger:Log(LogType, Object)
UnityEngine.Debug:Log(Object)
DspChain:Create()
CoopSteamVoicePlayer:Start()

[Voice] Creating DSP chain 'Voice Both Underwater'
UnityEngine.Logger:Log(LogType, Object)
UnityEngine.Debug:Log(Object)
DspChain:Create()
CoopSteamVoicePlayer:Start()

[Voice] Creating DSP chain 'Voice Walke Talkie'
UnityEngine.Logger:Log(LogType, Object)
UnityEngine.Debug:Log(Object)
DspChain:Create()
CoopSteamVoicePlayer:Start()

GameServerManager SetServer
UnityEngine.Logger:Log(LogType, Object)
UnityEngine.Debug:Log(Object)
Sons.Multiplayer.SonsServerMono:CreateServer(Action, Action`1)
Sons.Gui.Multiplayer.<CreateServerAsync>d__20:MoveNext()
System.Runtime.CompilerServices.AsyncTaskMethodBuilder:Start(TStateMachine&)
Sons.Gui.Multiplayer.CoopLobbyDialogGui:Start()

[cfg-p2pserver] Configuration file not found: C:/Users/hrith/AppData/LocalLow/Endnight/SonsOfTheForest\p2pserver.cfg. Using default values.
UnityEngine.Logger:Log(LogType, Object)
UnityEngine.Debug:Log(Object)
Endnight.Utilities.Configurations.ConfigurationsUtils:LoadCfg(Boolean&, String&, Boolean&, Boolean)
Endnight.Utilities.Configurations.JsonConfigurationFile`1:get_Instance()
Sons.Multiplayer.SonsServerSteam:Start(Action, Action`1)
Sons.Multiplayer.SonsServerMono:CreateServer(Action, Action`1)
Sons.Gui.Multiplayer.<CreateServerAsync>d__20:MoveNext()
System.Runtime.CompilerServices.AsyncTaskMethodBuilder:Start(TStateMachine&)
Sons.Gui.Multiplayer.CoopLobbyDialogGui:Start()

Started P2P Steam Server
UnityEngine.Logger:Log(LogType, Object)
UnityEngine.Debug:Log(Object)
Sons.Multiplayer.SonsServerSteam:Start(Action, Action`1)
Sons.Multiplayer.SonsServerMono:CreateServer(Action, Action`1)
Sons.Gui.Multiplayer.<CreateServerAsync>d__20:MoveNext()
System.Runtime.CompilerServices.AsyncTaskMethodBuilder:Start(TStateMachine&)
Sons.Gui.Multiplayer.CoopLobbyDialogGui:Start()

Fps Limiter set to 30
UnityEngine.Logger:Log(LogType, Object)
UnityEngine.Debug:Log(Object)
Sons.Settings.DisplaySettings:SetTargetFrameRate(Single)

[cfg-blobsync] Configuration file not found: C:/Users/hrith/AppData/LocalLow/Endnight/SonsOfTheForest\blobsync.cfg. Using default values.
UnityEngine.Logger:Log(LogType, Object)
UnityEngine.Debug:Log(Object)
Endnight.Utilities.Configurations.ConfigurationsUtils:LoadCfg(Boolean&, String&, Boolean&, Boolean)
Endnight.Utilities.Configurations.JsonConfigurationFile`1:get_Instance()
Sons.Multiplayer.BlobSync:RunTests()
CoopAckChecker:Update()

Server is connected to steam
UnityEngine.Logger:Log(LogType, Object)
UnityEngine.Debug:Log(Object)
Sons.Multiplayer.SonsServerSteam:SteamServersConnected(SteamServersConnected_t)
Steamworks.Callback`1:OnRunCallback(IntPtr)
Steamworks.CallbackDispatcher:RunFrame(Boolean)
Sons.Multiplayer.SteamManager:Update()

ServerStart Success
UnityEngine.Logger:Log(LogType, Object)
UnityEngine.Debug:Log(Object)
Sons.Multiplayer.SonsServerMono:StartSuccess()
Sons.Multiplayer.<>c__DisplayClass21_0:<CreateServer>b__0()
Sons.Multiplayer.SonsServerSteam:SteamServersConnected(SteamServersConnected_t)
Steamworks.Callback`1:OnRunCallback(IntPtr)
Steamworks.CallbackDispatcher:RunFrame(Boolean)
Sons.Multiplayer.SteamManager:Update()

[SaveGameManager] No save folder found C:/Users/hrith/AppData/LocalLow/Endnight/SonsOfTheForest/Saves/76561199494225753//MultiplayerClient
UnityEngine.Logger:Log(LogType, Object)
UnityEngine.Debug:Log(Object)
Sons.Save.SaveGameManager:TryGetSaveGameIds(SaveGameType, List`1&)
Sons.Multiplayer.CoopSaveUtils:GetAllAvailableSaveGameId(SaveGameType)
Sons.Multiplayer.ServerBrowserUtils:get_AllSaveGameIdCached()
Sons.Multiplayer.CoopLobby:.ctor(CSteamID, String, Int32, Boolean, Boolean, String)
Sons.Multiplayer.CoopLobbyManager:Create(String, Int32, Boolean, Action, Action)
Sons.Multiplayer.SonsServerMono:StartSuccess()
Sons.Multiplayer.<>c__DisplayClass21_0:<CreateServer>b__0()
Sons.Multiplayer.SonsServerSteam:SteamServersConnected(SteamServersConnected_t)
Steamworks.Callback`1:OnRunCallback(IntPtr)
Steamworks.CallbackDispatcher:RunFrame(Boolean)
Sons.Multiplayer.SteamManager:Update()

Server successfully created.
UnityEngine.Logger:Log(LogType, Object)
UnityEngine.Debug:LogWarning(Object)
Sons.Gui.Multiplayer.CoopLobbyDialogGui:OnCreateServerSuccess()
Sons.Multiplayer.SonsServerSteam:SteamServersConnected(SteamServersConnected_t)
Steamworks.Callback`1:OnRunCallback(IntPtr)
Steamworks.CallbackDispatcher:RunFrame(Boolean)
Sons.Multiplayer.SteamManager:Update()

LobbyCreated param.m_eResult=k_EResultOK, lobbyId=109775244476297542
UnityEngine.Logger:Log(LogType, Object)
UnityEngine.Debug:Log(Object)
Sons.Multiplayer.CoopLobbyManager:LobbyCreated(LobbyCreated_t)
Steamworks.Callback`1:OnRunCallback(IntPtr)
Steamworks.CallbackDispatcher:RunFrame(Boolean)
Sons.Multiplayer.SteamManager:Update()

LobbyEnter
UnityEngine.Logger:Log(LogType, Object)
UnityEngine.Debug:Log(Object)
Sons.Multiplayer.CoopLobbyManager:LobbyEnter(LobbyEnter_t)
Steamworks.Callback`1:OnRunCallback(IntPtr)
Steamworks.CallbackDispatcher:RunFrame(Boolean)
Sons.Multiplayer.SteamManager:Update()

LobbyDataUpdate (lobby data update)
UnityEngine.Logger:Log(LogType, Object)
UnityEngine.Debug:Log(Object)
Sons.Multiplayer.CoopLobbyManager:LobbyDataUpdate(LobbyDataUpdate_t)
Steamworks.Callback`1:OnRunCallback(IntPtr)
Steamworks.CallbackDispatcher:RunFrame(Boolean)
Sons.Multiplayer.SteamManager:Update()

LobbyDataUpdate (lobby data update)
UnityEngine.Logger:Log(LogType, Object)
UnityEngine.Debug:Log(Object)
Sons.Multiplayer.CoopLobbyManager:LobbyDataUpdate(LobbyDataUpdate_t)
Steamworks.Callback`1:OnRunCallback(IntPtr)
Steamworks.CallbackDispatcher:RunFrame(Boolean)
Sons.Multiplayer.SteamManager:Update()

PersonaStateChange {
    "m_ulSteamID": 76561199494225753,
    "m_nChangeFlags": 32
}
UnityEngine.Logger:Log(LogType, Object)
UnityEngine.Debug:Log(Object)
Sons.Multiplayer.CoopLobbyManager:PersonaStateChange(PersonaStateChange_t)
Steamworks.Callback`1:OnRunCallback(IntPtr)
Steamworks.CallbackDispatcher:RunFrame(Boolean)
Sons.Multiplayer.SteamManager:Update()

GameServerManager Shutdown
UnityEngine.Logger:Log(LogType, Object)
UnityEngine.Debug:Log(Object)
Sons.Multiplayer.GameServerManager:Shutdown()
Sons.Multiplayer.SonsServerMono:StopServer()
Sons.Gui.Multiplayer.CoopLobbyDialogGui:StopAllAndLeaveLobby(Boolean)
Sons.Gui.Multiplayer.CoopLobbyDialogGui:OnLeaveClicked()
UnityEngine.Events.UnityEvent:Invoke()
UnityEngine.EventSystems.ExecuteEvents:Execute(GameObject, BaseEventData, EventFunction`1)
UnityEngine.InputSystem.UI.InputSystemUIInputModule:ProcessPointerButton(ButtonState&, PointerEventData)
UnityEngine.InputSystem.UI.InputSystemUIInputModule:ProcessPointer(PointerModel&)
UnityEngine.InputSystem.UI.InputSystemUIInputModule:Process()
UnityEngine.EventSystems.EventSystem:Update()

CoopLobbyManager.LeaveActive instance = Sons.Multiplayer.CoopLobby
UnityEngine.Logger:Log(LogType, Object)
UnityEngine.Debug:Log(Object)
Sons.Multiplayer.CoopLobbyManager:LeaveActive()
Sons.Gui.Multiplayer.CoopLobbyDialogGui:StopAllAndLeaveLobby(Boolean)
Sons.Gui.Multiplayer.CoopLobbyDialogGui:OnLeaveClicked()
UnityEngine.Events.UnityEvent:Invoke()
UnityEngine.EventSystems.ExecuteEvents:Execute(GameObject, BaseEventData, EventFunction`1)
UnityEngine.InputSystem.UI.InputSystemUIInputModule:ProcessPointerButton(ButtonState&, PointerEventData)
UnityEngine.InputSystem.UI.InputSystemUIInputModule:ProcessPointer(PointerModel&)
UnityEngine.InputSystem.UI.InputSystemUIInputModule:Process()
UnityEngine.EventSystems.EventSystem:Update()

ReturnToTitleWithModal: 
UnityEngine.Logger:Log(LogType, Object)
UnityEngine.Debug:Log(Object)
Sons.Gui.ModalDialogManager:ReturnToTitleWithModal(Nullable`1)
Sons.Gui.Multiplayer.CoopLobbyDialogGui:OnLeaveClicked()
UnityEngine.Events.UnityEvent:Invoke()
UnityEngine.EventSystems.ExecuteEvents:Execute(GameObject, BaseEventData, EventFunction`1)
UnityEngine.InputSystem.UI.InputSystemUIInputModule:ProcessPointerButton(ButtonState&, PointerEventData)
UnityEngine.InputSystem.UI.InputSystemUIInputModule:ProcessPointer(PointerModel&)
UnityEngine.InputSystem.UI.InputSystemUIInputModule:Process()
UnityEngine.EventSystems.EventSystem:Update()

Dedicated status is not setup yet.
UnityEngine.Logger:Log(LogType, Object)
UnityEngine.Debug:LogError(Object)
Sons.Multiplayer.GameServerManager:get_IsDedicated()
CoopServerCallbacks:Update()

Dedicated status is not setup yet.
UnityEngine.Logger:Log(LogType, Object)
UnityEngine.Debug:LogError(Object)
Sons.Multiplayer.GameServerManager:get_IsDedicated()
Sons.Multiplayer.GameServerManager:get_IsDedicatedServer()
CoopServerCallbacks:Update()

Unloading 1 Unused Serialized files (Serialized files now loaded: 3)
UnloadTime: 3.091900 ms
Couldn't find Volume Profile
UnityEngine.Logger:Log(LogType, Object)
UnityEngine.Debug:Log(Object)
Sons.Quality.QualitySettings.PostProcessingQualitySetting`1:Apply()
Sons.Quality.QualityProfile:OnSceneLoaded(Scene, LoadSceneMode)
UnityEngine.SceneManagement.SceneManager:Internal_SceneLoaded(Scene, LoadSceneMode)

Couldn't find Volume Profile
UnityEngine.Logger:Log(LogType, Object)
UnityEngine.Debug:Log(Object)
Sons.Quality.QualitySettings.PostProcessingQualitySetting`1:Apply()
Sons.Quality.QualityProfile:OnSceneLoaded(Scene, LoadSceneMode)
UnityEngine.SceneManagement.SceneManager:Internal_SceneLoaded(Scene, LoadSceneMode)

Unloading 62 unused Assets to reduce memory usage. Loaded Objects now: 11828.
Total: 8.587900 ms (FindLiveObjects: 0.487400 ms CreateObjectMapping: 0.563500 ms MarkObjects: 7.372700 ms  DeleteObjects: 0.164200 ms)

Unloading 4 Unused Serialized files (Serialized files now loaded: 3)
UnloadTime: 0.189100 ms
Duplicate GameSettingsManager "SonsGameSettingsManager", removing latest. SonsTitleScene/SonsGameSettingsManager<Sons.Settings.GameSettingsManager>:788994
UnityEngine.Logger:Log(LogType, Object)
UnityEngine.Debug:LogWarning(Object)
Endnight.Types.SingletonBehaviour`1:Awake()

Duplicate SaveGameManager "_SonsSaveGameManager_", removing latest. SonsTitleScene/_SonsSaveGameManager_<Sons.Save.SaveGameManager>:788996
UnityEngine.Logger:Log(LogType, Object)
UnityEngine.Debug:LogWarning(Object)
Endnight.Types.SingletonBehaviour`1:Awake()

Duplicate MusicManager "MusicManager", removing latest. SonsTitleScene/MusicManager<Sons.Music.MusicManager>:788998
UnityEngine.Logger:Log(LogType, Object)
UnityEngine.Debug:LogWarning(Object)
Endnight.Types.SingletonBehaviour`1:Awake()

Duplicate MultiplayerCallbacks "MultiplayerCallbacks", removing latest. SonsTitleScene/MultiplayerCallbacks<Sons.Multiplayer.MultiplayerCallbacks>:789000
UnityEngine.Logger:Log(LogType, Object)
UnityEngine.Debug:LogWarning(Object)
Endnight.Types.SingletonBehaviour`1:Awake()

Duplicate QualityManager "QualityManager", removing latest. SonsTitleScene/QualityManager<Sons.Quality.QualityManager>:789002
UnityEngine.Logger:Log(LogType, Object)
UnityEngine.Debug:LogWarning(Object)
Endnight.Types.SingletonBehaviour`1:Awake()

Duplicate GameSetupManager "_GameSetup_", removing latest. SonsTitleScene/_GameSetup_<Sons.Gameplay.GameSetup.GameSetupManager>:789006
UnityEngine.Logger:Log(LogType, Object)
UnityEngine.Debug:LogWarning(Object)
Endnight.Types.SingletonBehaviour`1:Awake()

Duplicate FpsLimiter "FpsLimiter", removing latest. SonsTitleScene/FpsLimiter<Sons.FpsLimiter>:789008
UnityEngine.Logger:Log(LogType, Object)
UnityEngine.Debug:LogWarning(Object)
Endnight.Types.SingletonBehaviour`1:Awake()

Duplicate InputManager "InputManager", removing latest. SonsTitleScene/InputManager<Sons.Input.InputManager>:789014
UnityEngine.Logger:Log(LogType, Object)
UnityEngine.Debug:LogWarning(Object)
Endnight.Types.SingletonBehaviour`1:Awake()

Duplicate InputEventsManager "InputManager", removing latest. SonsTitleScene/InputManager<Sons.Input.InputEventsManager>:789016
UnityEngine.Logger:Log(LogType, Object)
UnityEngine.Debug:LogWarning(Object)
Endnight.Types.SingletonBehaviour`1:Awake()

Duplicate PlayerProfileManager "PlayerProfileManager", removing latest. SonsTitleScene/PlayerProfileManager<Sons.Gameplay.GameSetup.PlayerProfileManager>:789020
UnityEngine.Logger:Log(LogType, Object)
UnityEngine.Debug:LogWarning(Object)
Endnight.Types.SingletonBehaviour`1:Awake()

Duplicate TestsManager "TestsManager", removing latest. SonsTitleScene/TestsManager<Sons.Tests.TestsManager>:789022
UnityEngine.Logger:Log(LogType, Object)
UnityEngine.Debug:LogWarning(Object)
Endnight.Types.SingletonBehaviour`1:Awake()

Duplicate DynamicResolutionScaler "DynamicResolutionManager", removing latest. SonsTitleScene/DynamicResolutionManager<Sons.Quality.DynamicResolutionScaler>:789024
UnityEngine.Logger:Log(LogType, Object)
UnityEngine.Debug:LogWarning(Object)
Endnight.Types.SingletonBehaviour`1:Awake()

Duplicate PhysicsSettingsUpdate "PhysicsSettingUpdater", removing latest. SonsTitleScene/PhysicsSettingUpdater<Endnight.Physics.PhysicsSettingsUpdate>:789026
UnityEngine.Logger:Log(LogType, Object)
UnityEngine.Debug:LogWarning(Object)
Endnight.Types.SingletonBehaviour`1:Awake()

Duplicate GameState "GameState", removing latest. SonsTitleScene/GameState<Sons.Save.GameState>:789822
UnityEngine.Logger:Log(LogType, Object)
UnityEngine.Debug:LogWarning(Object)
Endnight.Types.SingletonBehaviour`1:Awake()

SaveGameManager Unregistered Persistent Serializer: GameState.
UnityEngine.Logger:Log(LogType, Object)
UnityEngine.Debug:Log(Object)
Sons.Save.SaveGameManager:UnregisterSerializer(ISaveGameSerializer`1, Boolean)
Endnight.Types.SingletonBehaviour`1:Awake()

Setting resolution to 1920 x 1080 (FullScreenWindow)
UnityEngine.Logger:Log(LogType, Object)
UnityEngine.Debug:Log(Object)
Sons.Settings.DisplaySettings:SetScreenResolution(Int32, Int32)
Sons.Settings.DisplaySettings:Awake()

Current RT Reference Size: 1920 x 1080
UnityEngine.Logger:Log(LogType, Object)
UnityEngine.Debug:Log(Object)
Sons.Settings.DisplaySettings:SetScreenResolution(Int32, Int32)
Sons.Settings.DisplaySettings:Awake()

New resolution is 1920 x 1080 (16:9)
UnityEngine.Logger:Log(LogType, Object)
UnityEngine.Debug:Log(Object)
Sons.Settings.DisplaySettings:Awake()

No backtrace command arg found, Backtrace disabled
UnityEngine.Logger:Log(LogType, Object)
UnityEngine.Debug:Log(Object)

Couldn't find Volume Profile
UnityEngine.Logger:Log(LogType, Object)
UnityEngine.Debug:Log(Object)
Sons.Quality.QualitySettings.PostProcessingQualitySetting`1:Apply()
Sons.Quality.QualityProfile:OnSceneLoaded(Scene, LoadSceneMode)
UnityEngine.SceneManagement.SceneManager:Internal_SceneLoaded(Scene, LoadSceneMode)

Couldn't find Volume Profile
UnityEngine.Logger:Log(LogType, Object)
UnityEngine.Debug:Log(Object)
Sons.Quality.QualitySettings.PostProcessingQualitySetting`1:Apply()
Sons.Quality.QualityProfile:OnSceneLoaded(Scene, LoadSceneMode)
UnityEngine.SceneManagement.SceneManager:Internal_SceneLoaded(Scene, LoadSceneMode)

Unloading 3 unused Assets to reduce memory usage. Loaded Objects now: 22424.
Total: 6.606700 ms (FindLiveObjects: 0.872100 ms CreateObjectMapping: 0.299500 ms MarkObjects: 5.368700 ms  DeleteObjects: 0.066000 ms)

Fps Limiter set to 60
UnityEngine.Logger:Log(LogType, Object)
UnityEngine.Debug:Log(Object)
Sons.Settings.DisplaySettings:SetTargetFrameRate(Single)

Quitting "User Title Quit"
UnityEngine.Logger:Log(LogType, Object)
UnityEngine.Debug:Log(Object)
Endnight.Utilities.ApplicationQuit:DoQuitInternal(String, Int32)
UnityEngine.Events.CachedInvokableCall`1:Invoke(Object[])
UnityEngine.Events.UnityEvent:Invoke()
UnityEngine.EventSystems.ExecuteEvents:Execute(GameObject, BaseEventData, EventFunction`1)
UnityEngine.InputSystem.UI.InputSystemUIInputModule:ProcessPointerButton(ButtonState&, PointerEventData)
UnityEngine.InputSystem.UI.InputSystemUIInputModule:ProcessPointer(PointerModel&)
UnityEngine.InputSystem.UI.InputSystemUIInputModule:Process()
UnityEngine.EventSystems.EventSystem:Update()

Sigterm: Emergency Shutdown
UnityEngine.Logger:Log(LogType, Object)
Endnight.Utilities.Logging.DsDebug:LogWarning(Object)
Sons.Multiplayer.SonsBoltSystem:EmergencyShutdown()
UnityEngine.Application:Internal_ApplicationWantsToQuit()

Setting up 8 worker threads for Enlighten.
SaveGameManager Unregistered Persistent Serializer: GameState.
UnityEngine.Logger:Log(LogType, Object)
UnityEngine.Debug:Log(Object)
Sons.Save.SaveGameManager:UnregisterSerializer(ISaveGameSerializer`1, Boolean)

SaveGameManager Unregistered Persistent Serializer: GameSetup.
UnityEngine.Logger:Log(LogType, Object)
UnityEngine.Debug:Log(Object)
Sons.Save.SaveGameManager:UnregisterSerializer(ISaveGameSerializer`1, Boolean)
Endnight.Types.SingletonBehaviour`1:OnDestroy()

Fps Limiter set to -1
UnityEngine.Logger:Log(LogType, Object)
UnityEngine.Debug:Log(Object)
Sons.Settings.DisplaySettings:SetTargetFrameRate(Single)
Sons.FpsLimiter:OnDisable()

Memory Statistics:
[ALLOC_TEMP_TLS] TLS Allocator
  StackAllocators : 
    [ALLOC_TEMP_MAIN]
      Peak usage frame count: [8.0 KB-16.0 KB]: 2340 frames, [16.0 KB-32.0 KB]: 2 frames, [32.0 KB-64.0 KB]: 1668 frames, [1.0 MB-2.0 MB]: 1 frames, [2.0 MB-4.0 MB]: 1 frames, [4.0 MB-8.0 MB]: 2 frames
      Initial Block Size 4.0 MB
      Current Block Size 7.4 MB
      Peak Allocated Bytes 6.7 MB
      Overflow Count 0
    [ALLOC_TEMP_Background Job.worker 4]
      Initial Block Size 32.0 KB
      Current Block Size 32.0 KB
      Peak Allocated Bytes 54 B
      Overflow Count 0
    [ALLOC_TEMP_Loading.PreloadManager]
      Initial Block Size 256.0 KB
      Current Block Size 0.5 MB
      Peak Allocated Bytes 320.2 KB
      Overflow Count 9680
    [ALLOC_TEMP_Background Job.worker 3]
      Initial Block Size 32.0 KB
      Current Block Size 32.0 KB
      Peak Allocated Bytes 54 B
      Overflow Count 0
    [ALLOC_TEMP_Background Job.worker 11]
      Initial Block Size 32.0 KB
      Current Block Size 32.0 KB
      Peak Allocated Bytes 54 B
      Overflow Count 0
    [ALLOC_TEMP_Background Job.worker 7]
      Initial Block Size 32.0 KB
      Current Block Size 32.0 KB
      Peak Allocated Bytes 54 B
      Overflow Count 0
    [ALLOC_TEMP_Background Job.worker 6]
      Initial Block Size 32.0 KB
      Current Block Size 32.0 KB
      Peak Allocated Bytes 54 B
      Overflow Count 0
    [ALLOC_TEMP_Job.worker 11]
      Initial Block Size 256.0 KB
      Current Block Size 256.0 KB
      Peak Allocated Bytes 1.6 KB
      Overflow Count 0
    [ALLOC_TEMP_Background Job.worker 12]
      Initial Block Size 32.0 KB
      Current Block Size 32.0 KB
      Peak Allocated Bytes 54 B
      Overflow Count 0
    [ALLOC_TEMP_Background Job.worker 2]
      Initial Block Size 32.0 KB
      Current Block Size 36.0 KB
      Peak Allocated Bytes 32.0 KB
      Overflow Count 0
    [ALLOC_TEMP_Background Job.worker 9]
      Initial Block Size 32.0 KB
      Current Block Size 32.0 KB
      Peak Allocated Bytes 54 B
      Overflow Count 0
    [ALLOC_TEMP_Job.worker 0]
      Initial Block Size 256.0 KB
      Current Block Size 256.0 KB
      Peak Allocated Bytes 208 B
      Overflow Count 0
    [ALLOC_TEMP_Job.worker 4]
      Initial Block Size 256.0 KB
      Current Block Size 256.0 KB
      Peak Allocated Bytes 13.8 KB
      Overflow Count 0
    [ALLOC_TEMP_Job.worker 5]
      Initial Block Size 256.0 KB
      Current Block Size 256.0 KB
      Peak Allocated Bytes 10.7 KB
      Overflow Count 0
    [ALLOC_TEMP_Job.worker 14]
      Initial Block Size 256.0 KB
      Current Block Size 256.0 KB
      Peak Allocated Bytes 176 B
      Overflow Count 0
    [ALLOC_TEMP_Background Job.worker 10]
      Initial Block Size 32.0 KB
      Current Block Size 32.0 KB
      Peak Allocated Bytes 54 B
      Overflow Count 0
    [ALLOC_TEMP_Background Job.worker 8]
      Initial Block Size 32.0 KB
      Current Block Size 32.0 KB
      Peak Allocated Bytes 54 B
      Overflow Count 0
    [ALLOC_TEMP_Job.worker 13]
      Initial Block Size 256.0 KB
      Current Block Size 256.0 KB
      Peak Allocated Bytes 7.1 KB
      Overflow Count 0
    [ALLOC_TEMP_EnlightenWorker] x 8
      Initial Block Size 64.0 KB
      Current Block Size 64.0 KB
      Peak Allocated Bytes 54 B
      Overflow Count 0
    [ALLOC_TEMP_Job.worker 1]
      Initial Block Size 256.0 KB
      Current Block Size 256.0 KB
      Peak Allocated Bytes 20.5 KB
      Overflow Count 0
    [ALLOC_TEMP_Background Job.worker 1]
      Initial Block Size 32.0 KB
      Current Block Size 36.0 KB
      Peak Allocated Bytes 35.3 KB
      Overflow Count 0
    [ALLOC_TEMP_Job.worker 3]
      Initial Block Size 256.0 KB
      Current Block Size 256.0 KB
      Peak Allocated Bytes 20.5 KB
      Overflow Count 0
    [ALLOC_TEMP_Background Job.worker 5]
      Initial Block Size 32.0 KB
      Current Block Size 32.0 KB
      Peak Allocated Bytes 54 B
      Overflow Count 0
    [ALLOC_TEMP_Background Job.worker 13]
      Initial Block Size 32.0 KB
      Current Block Size 32.0 KB
      Peak Allocated Bytes 54 B
      Overflow Count 0
    [ALLOC_TEMP_UnityGfxDeviceWorker]
      Initial Block Size 256.0 KB
      Current Block Size 256.0 KB
      Peak Allocated Bytes 62.1 KB
      Overflow Count 0
    [ALLOC_TEMP_AssetGarbageCollectorHelper] x 15
      Initial Block Size 64.0 KB
      Current Block Size 64.0 KB
      Peak Allocated Bytes 138 B
      Overflow Count 0
    [ALLOC_TEMP_Job.worker 12]
      Initial Block Size 256.0 KB
      Current Block Size 256.0 KB
      Peak Allocated Bytes 4.5 KB
      Overflow Count 0
    [ALLOC_TEMP_Background Job.worker 15]
      Initial Block Size 32.0 KB
      Current Block Size 32.0 KB
      Peak Allocated Bytes 54 B
      Overflow Count 0
    [ALLOC_TEMP_Job.worker 2]
      Initial Block Size 256.0 KB
      Current Block Size 256.0 KB
      Peak Allocated Bytes 33.0 KB
      Overflow Count 0
    [ALLOC_TEMP_Job.worker 10]
      Initial Block Size 256.0 KB
      Current Block Size 256.0 KB
      Peak Allocated Bytes 208 B
      Overflow Count 0
    [ALLOC_TEMP_Job.worker 7]
      Initial Block Size 256.0 KB
      Current Block Size 256.0 KB
      Peak Allocated Bytes 10.7 KB
      Overflow Count 0
    [ALLOC_TEMP_Job.worker 9]
      Initial Block Size 256.0 KB
      Current Block Size 256.0 KB
      Peak Allocated Bytes 1.9 KB
      Overflow Count 0
    [ALLOC_TEMP_Background Job.worker 0]
      Initial Block Size 32.0 KB
      Current Block Size 32.0 KB
      Peak Allocated Bytes 54 B
      Overflow Count 0
    [ALLOC_TEMP_Job.worker 6]
      Initial Block Size 256.0 KB
      Current Block Size 256.0 KB
      Peak Allocated Bytes 10.7 KB
      Overflow Count 0
    [ALLOC_TEMP_Job.worker 8]
      Initial Block Size 256.0 KB
      Current Block Size 256.0 KB
      Peak Allocated Bytes 10.7 KB
      Overflow Count 0
    [ALLOC_TEMP_HIDInput]
      Initial Block Size 64.0 KB
      Current Block Size 64.0 KB
      Peak Allocated Bytes 10.8 KB
      Overflow Count 0
    [ALLOC_TEMP_Background Job.worker 14]
      Initial Block Size 32.0 KB
      Current Block Size 32.0 KB
      Peak Allocated Bytes 54 B
      Overflow Count 0
    [ALLOC_TEMP_Loading.AsyncRead]
      Initial Block Size 64.0 KB
      Current Block Size 64.0 KB
      Peak Allocated Bytes 240 B
      Overflow Count 0
    [ALLOC_TEMP_BatchDeleteObjects]
      Initial Block Size 64.0 KB
      Current Block Size 64.0 KB
      Peak Allocated Bytes 54 B
      Overflow Count 0
[ALLOC_DEFAULT] Dual Thread Allocator
  Peak main deferred allocation count 284
    [ALLOC_BUCKET]
      Large Block size 4.0 MB
      Used Block count 1
      Peak Allocated bytes 4.0 MB
      Failed Allocations. Bucket layout:
        16B: 148 Subsections = 151552 buckets. Failed count: 224430
        32B: 35 Subsections = 17920 buckets. Failed count: 74216
        48B: 20 Subsections = 6826 buckets. Failed count: 140610
        64B: 24 Subsections = 6144 buckets. Failed count: 17634
        80B: 20 Subsections = 4096 buckets. Failed count: 25138
        96B: 4 Subsections = 682 buckets. Failed count: 107116
        112B: 3 Subsections = 438 buckets. Failed count: 6703
        128B: 2 Subsections = 256 buckets. Failed count: 28812
    [ALLOC_DEFAULT_MAIN]
      Peak usage frame count: [64.0 MB-128.0 MB]: 4013 frames, [128.0 MB-256.0 MB]: 1 frames
      Requested Block Size 16.0 MB
      Peak Block count 7
      Peak Allocated memory 161.0 MB
      Peak Large allocation bytes 72.9 MB
    [ALLOC_DEFAULT_THREAD]
      Peak usage frame count: [16.0 MB-32.0 MB]: 3994 frames, [32.0 MB-64.0 MB]: 20 frames
      Requested Block Size 16.0 MB
      Peak Block count 2
      Peak Allocated memory 63.3 MB
      Peak Large allocation bytes 37.3 MB
[ALLOC_TEMP_JOB_1_FRAME]
  Initial Block Size 2.0 MB
  Used Block Count 0
  Overflow Count (too large) 0
  Overflow Count (full) 0
[ALLOC_TEMP_JOB_2_FRAMES]
  Initial Block Size 2.0 MB
  Used Block Count 0
  Overflow Count (too large) 0
  Overflow Count (full) 0
[ALLOC_TEMP_JOB_4_FRAMES (JobTemp)]
  Initial Block Size 2.0 MB
  Used Block Count 1
  Overflow Count (too large) 0
  Overflow Count (full) 0
[ALLOC_TEMP_JOB_ASYNC (Background)]
  Initial Block Size 1.0 MB
  Used Block Count 1
  Overflow Count (too large) 8
  Overflow Count (full) 0
[ALLOC_GFX] Dual Thread Allocator
  Peak main deferred allocation count 20
    [ALLOC_BUCKET]
      Large Block size 4.0 MB
      Used Block count 1
      Peak Allocated bytes 4.0 MB
      Failed Allocations. Bucket layout:
        16B: 148 Subsections = 151552 buckets. Failed count: 224430
        32B: 35 Subsections = 17920 buckets. Failed count: 74216
        48B: 20 Subsections = 6826 buckets. Failed count: 140610
        64B: 24 Subsections = 6144 buckets. Failed count: 17634
        80B: 20 Subsections = 4096 buckets. Failed count: 25138
        96B: 4 Subsections = 682 buckets. Failed count: 107116
        112B: 3 Subsections = 438 buckets. Failed count: 6703
        128B: 2 Subsections = 256 buckets. Failed count: 28812
    [ALLOC_GFX_MAIN]
      Peak usage frame count: [4.0 MB-8.0 MB]: 4014 frames
      Requested Block Size 16.0 MB
      Peak Block count 1
      Peak Allocated memory 4.3 MB
      Peak Large allocation bytes 0 B
    [ALLOC_GFX_THREAD]
      Peak usage frame count: [8.0 KB-16.0 KB]: 150 frames, [2.0 MB-4.0 MB]: 681 frames, [4.0 MB-8.0 MB]: 3183 frames
      Requested Block Size 16.0 MB
      Peak Block count 1
      Peak Allocated memory 4.5 MB
      Peak Large allocation bytes 0 B
[ALLOC_CACHEOBJECTS] Dual Thread Allocator
  Peak main deferred allocation count 52
    [ALLOC_BUCKET]
      Large Block size 4.0 MB
      Used Block count 1
      Peak Allocated bytes 4.0 MB
      Failed Allocations. Bucket layout:
        16B: 148 Subsections = 151552 buckets. Failed count: 224430
        32B: 35 Subsections = 17920 buckets. Failed count: 74216
        48B: 20 Subsections = 6826 buckets. Failed count: 140610
        64B: 24 Subsections = 6144 buckets. Failed count: 17634
        80B: 20 Subsections = 4096 buckets. Failed count: 25138
        96B: 4 Subsections = 682 buckets. Failed count: 107116
        112B: 3 Subsections = 438 buckets. Failed count: 6703
        128B: 2 Subsections = 256 buckets. Failed count: 28812
    [ALLOC_CACHEOBJECTS_MAIN]
      Peak usage frame count: [64.0 MB-128.0 MB]: 4013 frames, [128.0 MB-256.0 MB]: 1 frames
      Requested Block Size 4.0 MB
      Peak Block count 19
      Peak Allocated memory 137.2 MB
      Peak Large allocation bytes 75.9 MB
    [ALLOC_CACHEOBJECTS_THREAD]
      Peak usage frame count: [32.0 KB-64.0 KB]: 148 frames, [64.0 KB-128.0 KB]: 1 frames, [128.0 KB-256.0 KB]: 1 frames, [16.0 MB-32.0 MB]: 681 frames, [32.0 MB-64.0 MB]: 3183 frames
      Requested Block Size 4.0 MB
      Peak Block count 7
      Peak Allocated memory 48.3 MB
      Peak Large allocation bytes 30.9 MB
[ALLOC_TYPETREE] Dual Thread Allocator
  Peak main deferred allocation count 0
    [ALLOC_BUCKET]
      Large Block size 4.0 MB
      Used Block count 1
      Peak Allocated bytes 4.0 MB
      Failed Allocations. Bucket layout:
        16B: 148 Subsections = 151552 buckets. Failed count: 224430
        32B: 35 Subsections = 17920 buckets. Failed count: 74216
        48B: 20 Subsections = 6826 buckets. Failed count: 140610
        64B: 24 Subsections = 6144 buckets. Failed count: 17634
        80B: 20 Subsections = 4096 buckets. Failed count: 25138
        96B: 4 Subsections = 682 buckets. Failed count: 107116
        112B: 3 Subsections = 438 buckets. Failed count: 6703
        128B: 2 Subsections = 256 buckets. Failed count: 28812
    [ALLOC_TYPETREE_MAIN]
      Peak usage frame count: [16.0 KB-32.0 KB]: 150 frames, [64.0 KB-128.0 KB]: 3864 frames
      Requested Block Size 2.0 MB
      Peak Block count 1
      Peak Allocated memory 74.2 KB
      Peak Large allocation bytes 0 B
    [ALLOC_TYPETREE_THREAD]
      Peak usage frame count: [8.0 KB-16.0 KB]: 150 frames, [64.0 KB-128.0 KB]: 3864 frames
      Requested Block Size 2.0 MB
      Peak Block count 1
      Peak Allocated memory 93.7 KB
      Peak Large allocation bytes 0 B
